.
./.git
./.git/COMMIT_EDITMSG
./.git/config
./.git/description
./.git/FETCH_HEAD
./.git/HEAD
./.git/hooks
./.git/hooks/applypatch-msg.sample
./.git/hooks/commit-msg.sample
./.git/hooks/post-update.sample
./.git/hooks/pre-applypatch.sample
./.git/hooks/pre-commit.sample
./.git/hooks/pre-rebase.sample
./.git/hooks/prepare-commit-msg.sample
./.git/hooks/update.sample
./.git/index
./.git/info
./.git/info/exclude
./.git/logs
./.git/logs/HEAD
./.git/logs/refs
./.git/logs/refs/heads
./.git/logs/refs/heads/criar
./.git/logs/refs/heads/master
./.git/logs/refs/remotes
./.git/logs/refs/remotes/origin
./.git/logs/refs/remotes/origin/HEAD
./.git/objects
./.git/objects/34
./.git/objects/34/43f0b93cc77083ace221bee5ed5adf81e2c2b8
./.git/objects/cf
./.git/objects/cf/a4ef6dfd10a25c101e9bc08d18558b0b611206
./.git/objects/info
./.git/objects/pack
./.git/objects/pack/pack-fbaad180edd8b876946a06fcd6563d27e5b49465.idx
./.git/objects/pack/pack-fbaad180edd8b876946a06fcd6563d27e5b49465.pack
./.git/ORIG_HEAD
./.git/packed-refs
./.git/refs
./.git/refs/heads
./.git/refs/heads/criar
./.git/refs/heads/master
./.git/refs/remotes
./.git/refs/remotes/origin
./.git/refs/remotes/origin/HEAD
./.git/refs/tags
./.gitignore
./find.log
./README.md
